<?xml version="1.0" encoding="UTF-8"?>
<!-- Generated by org.testng.reporters.JUnitReportReporter -->
<testsuite skipped="0" hostname="LAPTOP-U6RPUMUF" name="Testing1" tests="1" failures="0" timestamp="18 Jan 2022 04:17:47 GMT" time="0.012" errors="0">
  <testcase name="tc0" time="0.012" classname="Testing1"/>
</testsuite> <!-- Testing1 -->
